Arguments: 
  C:\Program Files\nodejs\node.exe C:\Program Files (x86)\Yarn\bin\yarn.js add cross-env --dev

PATH: 
  C:\ProgramData\Oracle\Java\javapath;C:\Windows\system32;C:\Windows;C:\Windows\System32\Wbem;C:\Windows\System32\WindowsPowerShell\v1.0\;C:\Program Files\Git\cmd;C:\ProgramData\chocolatey\bin;C:\HashiCorp\Vagrant\bin;C:\ProgramData\ComposerSetup\bin;C:\Program Files (x86)\GNU\GnuPG\pub;C:\Program Files\MySQL\MySQL Utilities 1.6\;C:\Program Files (x86)\Windows Kits\10\Windows Performance Toolkit\;C:\Program Files\Microsoft SQL Server\130\Tools\Binn\;C:\Program Files\dotnet\;C:\Program Files (x86)\GtkSharp\2.12\bin;C:\Program Files (x86)\Microsoft Emulator Manager\1.0\;C:\Program Files (x86)\Yarn\bin;C:\Program Files\nodejs\;C:\Users\Administrator\AppData\Local\Programs\Python\Python36-32\Scripts\;C:\Users\Administrator\AppData\Local\Programs\Python\Python36-32\;C:\Users\Administrator\AppData\Local\Microsoft\WindowsApps;C:\Users\Administrator;C:\tools\cmder;C:\Program Files\Oracle\VirtualBox;C:\xampp\php;C:\Users\Administrator\AppData\Roaming\Composer\vendor\bin;C:\Users\Administrator\AppData\Local\atom\bin;C:\Users\Administrator\AppData\Local\Yarn\.bin;C:\Users\Administrator\AppData\Roaming\npm

Yarn version: 
  0.21.3

Node version: 
  7.7.3

Platform: 
  win32 x64

npm manifest: 
  {
    "name": "vue-dev",
    "description": "A Vue.js project",
    "version": "1.0.0",
    "author": "hongtao.qiu <hongtao.qiu@baluntek.com>",
    "private": true,
    "scripts": {
      "dev": "cross-env NODE_ENV=development webpack-dev-server --open --inline --port 8080 --progress --watch --hot",
      "build": "cross-env NODE_ENV=production webpack --progress --hide-modules"
    },
    "dependencies": {
      "axios": "^0.15.3",
      "bootstrap": "^3.3.7",
      "element-ui": "^1.1.6",
      "jquery": "^2.2.0",
      "vee-validate": "^2.0.0-beta.22",
      "vue": "^2.1.0",
      "vue-axios": "^1.2.2",
      "vue-resource": "^1.1.2",
      "vue-router": "^2.2.0",
      "vue-validator": "^3.0.0-alpha.2",
      "vuex": "^2.2.1"
    },
    "devDependencies": {
      "babel-core": "^6.0.0",
      "babel-loader": "^6.0.0",
      "babel-plugin-component": "^0.9.0",
      "babel-preset-es2015": "^6.0.0",
      "cross-env": "^3.0.0",
      "css-loader": "^0.25.0",
      "element-theme-default": "^1.2.3",
      "eslint": "^3.16.1",
      "eslint-config-google": "^0.7.1",
      "extract-text-webpack-plugin": "^1.0.1",
      "file-loader": "^0.10.0",
      "node-sass": "^4.5.0",
      "sass-loader": "^4.1.1",
      "style-loader": "^0.13.1",
      "url-loader": "^0.5.7",
      "vue-loader": "^10.0.0",
      "vue-template-compiler": "^2.1.0",
      "webpack": "^2.2.0",
      "webpack-dev-server": "^2.2.0"
    }
  }

yarn manifest: 
  No manifest

Lockfile: 
  No lockfile

Trace: 
  Error: EEXIST: file already exists, mkdir 'C:\Users\Administrator\workHard\otcgo\node_modules\acorn-jsx'
